f:\graphics 2\assignment update\tinyray\tinyray\release\tinyray.res
\\ctstudent2\studentusers\100347238\desktop\graphics 2\assignment update\tinyray\tinyray\release\vc140.pdb
f:\graphics 2\assignment update\tinyray\tinyray\release\vc140.pdb
f:\graphics 2\assignment update\tinyray\tinyray\release\vector4d.obj
f:\graphics 2\assignment update\tinyray\tinyray\release\triangle.obj
f:\graphics 2\assignment update\tinyray\tinyray\release\tinyraymain.obj
f:\graphics 2\assignment update\tinyray\tinyray\release\sphere.obj
f:\graphics 2\assignment update\tinyray\tinyray\release\scene.obj
f:\graphics 2\assignment update\tinyray\tinyray\release\raytracer.obj
f:\graphics 2\assignment update\tinyray\tinyray\release\ray.obj
f:\graphics 2\assignment update\tinyray\tinyray\release\plane.obj
f:\graphics 2\assignment update\tinyray\tinyray\release\oglwindow.obj
f:\graphics 2\assignment update\tinyray\tinyray\release\oglapplication.obj
f:\graphics 2\assignment update\tinyray\tinyray\release\material.obj
f:\graphics 2\assignment update\tinyray\tinyray\release\light.obj
f:\graphics 2\assignment update\tinyray\tinyray\release\camera.obj
f:\graphics 2\assignment update\tinyray\tinyray\release\box.obj
f:\graphics 2\assignment update\tinyray\release\tinyray.exe
f:\graphics 2\assignment update\tinyray\release\tinyray.ipdb
f:\graphics 2\assignment update\tinyray\release\tinyray.iobj
f:\graphics 2\assignment update\tinyray\release\tinyray.pdb
f:\graphics 2\assignment update\tinyray\tinyray\release\tinyray.tlog\cl.command.1.tlog
f:\graphics 2\assignment update\tinyray\tinyray\release\tinyray.tlog\link.command.1.tlog
f:\graphics 2\assignment update\tinyray\tinyray\release\tinyray.tlog\rc.command.1.tlog
f:\graphics 2\assignment update\tinyray\tinyray\release\tinyray.tlog\rc.write.1.tlog
f:\graphics 2\assignment update\tinyray\tinyray\release\tinyray.tlog\cl.read.1.tlog
f:\graphics 2\assignment update\tinyray\tinyray\release\tinyray.tlog\link.read.1.tlog
f:\graphics 2\assignment update\tinyray\tinyray\release\tinyray.tlog\rc.read.1.tlog
f:\graphics 2\assignment update\tinyray\tinyray\release\tinyray.tlog\cl.write.1.tlog
f:\graphics 2\assignment update\tinyray\tinyray\release\tinyray.tlog\link.write.1.tlog
