  Box.cpp
  Camera.cpp
  Light.cpp
Light.cpp(32): warning C4244: '=': conversion from 'double' to 'float', possible loss of data
Light.cpp(33): warning C4244: '=': conversion from 'double' to 'float', possible loss of data
Light.cpp(34): warning C4244: '=': conversion from 'double' to 'float', possible loss of data
  Material.cpp
  OGLApplication.cpp
OGLApplication.cpp(125): warning C4101: 'wmEvent': unreferenced local variable
OGLApplication.cpp(125): warning C4101: 'wmId': unreferenced local variable
  OGLWindow.cpp
  Plane.cpp
  Ray.cpp
  RayTracer.cpp
RayTracer.cpp(28): warning C4244: '=': conversion from 'double' to 'int', possible loss of data
RayTracer.cpp(244): warning C4244: 'initializing': conversion from 'double' to 'int', possible loss of data
RayTracer.cpp(245): warning C4244: 'initializing': conversion from 'double' to 'int', possible loss of data
RayTracer.cpp(246): warning C4244: 'initializing': conversion from 'double' to 'int', possible loss of data
RayTracer.cpp(282): warning C4244: '+=': conversion from 'double' to 'float', possible loss of data
RayTracer.cpp(283): warning C4244: '+=': conversion from 'double' to 'float', possible loss of data
RayTracer.cpp(284): warning C4244: '+=': conversion from 'double' to 'float', possible loss of data
RayTracer.cpp(302): warning C4244: '+=': conversion from 'double' to 'float', possible loss of data
RayTracer.cpp(303): warning C4244: '+=': conversion from 'double' to 'float', possible loss of data
RayTracer.cpp(304): warning C4244: '+=': conversion from 'double' to 'float', possible loss of data
  Scene.cpp
Scene.cpp(46): warning C4305: 'argument': truncation from 'double' to 'float'
Scene.cpp(57): warning C4305: 'argument': truncation from 'double' to 'float'
Scene.cpp(124): warning C4305: '=': truncation from 'double' to 'float'
  Sphere.cpp
  TinyRayMain.cpp
  Triangle.cpp
  Vector4D.cpp
Vector4D.cpp(81): warning C4244: 'argument': conversion from 'double' to 'float', possible loss of data
  Generating code
  389 of 392 functions (99.2%) were compiled, the rest were copied from previous compilation.
    2 functions were new in current compilation
    0 functions had inline decision re-evaluated but remain unchanged
  Finished generating code
  TinyRay.vcxproj -> C:\Users\Phillip\Desktop\100347238_TinyRay\Source\Release\TinyRay.exe
